[0mGET /api/products [32m200 [0m7.905 ms - 4448[0m
[0mGET /api/products [32m200 [0m11.889 ms - 4448[0m
[0mGET /api/products [32m200 [0m1.891 ms - 4448[0m
[0mGET /api/products [32m200 [0m11.990 ms - 4448[0m
[0mGET /api/productfilter/Performance [36m304 [0m1.877 ms - -[0m
[0mGET /api/productfilter/Performance [36m304 [0m1.280 ms - -[0m
[0mGET /api/productfilter/Performance [36m304 [0m1.104 ms - -[0m
[0mGET /api/productfilter/Performance [36m304 [0m1.158 ms - -[0m
[0mGET /api/pricefilter/1000 [36m304 [0m1.390 ms - -[0m
[0mGET /api/pricefilter/600 [36m304 [0m1.071 ms - -[0m
[0mGET /api/pricefilter/3000 [36m304 [0m1.185 ms - -[0m
[0mGET /api/pricefilter/600 [36m304 [0m1.006 ms - -[0m
[0mGET /api/pricefilter/600 [36m304 [0m1.114 ms - -[0m
[0mGET /api/productfilter/Exterior [36m304 [0m1.022 ms - -[0m
[0mGET /api/products [36m304 [0m1.305 ms - -[0m
[0mGET /api/pricefilter/300 [36m304 [0m1.048 ms - -[0m
[0mGET /contact.jsx [33m404 [0m1.340 ms - 150[0m
[0mGET /App.js [33m404 [0m0.166 ms - 145[0m
[0mGET /src/index.js [33m404 [0m0.143 ms - 151[0m
[0mGET /api/contact [32m200 [0m1.303 ms - 1514[0m
[0mGET /api/contact [36m304 [0m0.990 ms - -[0m
[0mGET /api/contact [36m304 [0m1.315 ms - -[0m
[0mGET /api/contact [36m304 [0m1.209 ms - -[0m
[0mGET /api/contact [36m304 [0m1.039 ms - -[0m
[0mGET /api/contact [36m304 [0m1.094 ms - -[0m
[0mGET /api/contact [36m304 [0m1.865 ms - -[0m
[0mGET /api/contact [36m304 [0m1.242 ms - -[0m
[0mGET /api/contact [36m304 [0m1.246 ms - -[0m
[0mGET /api/contact [36m304 [0m1.173 ms - -[0m
[0mGET /api/contact [36m304 [0m1.350 ms - -[0m
[0mGET /api/contact [36m304 [0m1.171 ms - -[0m
[0mGET /api/contact [36m304 [0m0.950 ms - -[0m
[0mGET /api/contact [36m304 [0m1.088 ms - -[0m
[0mGET /api/contact [36m304 [0m0.980 ms - -[0m
[0mGET /api/contact [36m304 [0m1.102 ms - -[0m
[0mGET /api/contact [36m304 [0m1.187 ms - -[0m
[0mGET /api/contact [36m304 [0m1.301 ms - -[0m
[0mGET /api/products [36m304 [0m1.066 ms - -[0m
[0mGET /api/products [36m304 [0m2.653 ms - -[0m
[0mGET /api/productfilter/Exterior [36m304 [0m1.833 ms - -[0m
[0mGET /api/productfilter/Performance [36m304 [0m1.983 ms - -[0m
[0mGET /api/pricefilter/600 [36m304 [0m1.769 ms - -[0m
[0mGET /api/products [36m304 [0m2.395 ms - -[0m
[0mGET /api/pricefilter/600 [36m304 [0m1.977 ms - -[0m
[0mGET /api/pricefilter/1000 [36m304 [0m2.102 ms - -[0m
[0mGET /api/pricefilter/3000 [36m304 [0m2.372 ms - -[0m
[0mGET /api/productfilter/Performance [36m304 [0m2.964 ms - -[0m
[0mGET /api/pricefilter/300 [36m304 [0m1.034 ms - -[0m
[0mGET /api/products [36m304 [0m1.207 ms - -[0m
[0mGET /api/pricefilter/300 [36m304 [0m1.068 ms - -[0m
[0mGET /api/pricefilter/3000 [36m304 [0m4.246 ms - -[0m
[0mGET /api/pricefilter/1000 [36m304 [0m4.200 ms - -[0m
[0mGET /api/pricefilter/600 [36m304 [0m2.186 ms - -[0m
[0mGET /api/pricefilter/300 [36m304 [0m1.689 ms - -[0m
[0mGET /api/contact [36m304 [0m2.448 ms - -[0m
[0mGET /api/products [36m304 [0m3.048 ms - -[0m
[0mGET /api/contact [36m304 [0m0.997 ms - -[0m
[0mGET /api/products [36m304 [0m1.355 ms - -[0m
[0mGET /api/pricefilter/3000 [36m304 [0m1.268 ms - -[0m
[0mGET /api/pricefilter/1000 [36m304 [0m1.260 ms - -[0m
[0mGET /api/products [36m304 [0m6.961 ms - -[0m
[0mGET /api/contact [36m304 [0m1.730 ms - -[0m
[0mGET /api/products [36m304 [0m1.270 ms - -[0m
[0mGET /api/products [36m304 [0m8.680 ms - -[0m
[0mGET /api/products [36m304 [0m2.820 ms - -[0m
[0mGET /api/products [32m200 [0m5.652 ms - 4448[0m
[0mGET /api/contact [32m200 [0m1.543 ms - 1514[0m
[0mGET /api/contact [32m200 [0m1.236 ms - 1514[0m
[0mGET /api/contact [32m200 [0m13.856 ms - 1514[0m
[0mGET /api/products [32m200 [0m11.942 ms - 4448[0m
[0mGET /api/productfilter/:query [32m200 [0m7.429 ms - 2[0m
[0mGET /api/pricefilter/:query [32m200 [0m1.621 ms - 2[0m
[0mGET /api/productfilter/Exterior [32m200 [0m7.477 ms - 1119[0m
[0mGET /api/pricefilter/1000 [32m200 [0m11.697 ms - 1816[0m
[0mGET /api/productfilter/Exterior [32m200 [0m9.376 ms - 1119[0m
[0mGET /api/pricefilter/1000 [32m200 [0m1.632 ms - 1816[0m
[0mGET /api/productfilter/Exterior [32m200 [0m6.509 ms - 1119[0m
[0mGET /api/pricefilter/1000 [32m200 [0m1.587 ms - 1816[0m
[0mGET /api/products [36m304 [0m6.567 ms - -[0m
[0mGET /api/productfilter/Performance [36m304 [0m1.940 ms - -[0m
[0mGET /api/productfilter/Exterior [36m304 [0m0.995 ms - -[0m
[0mGET /api/products [36m304 [0m1.308 ms - -[0m
[0mGET /api/pricefilter/300 [36m304 [0m1.303 ms - -[0m
[0mGET /api/pricefilter/600 [36m304 [0m1.026 ms - -[0m
[0mGET /api/pricefilter/1000 [36m304 [0m1.083 ms - -[0m
[0mGET /api/pricefilter/3000 [36m304 [0m1.302 ms - -[0m
[0mGET /api/pricefilter/1000 [36m304 [0m1.110 ms - -[0m
[0mGET /api/pricefilter/3000 [36m304 [0m1.293 ms - -[0m
[0mGET /api/pricefilter/1000 [36m304 [0m1.353 ms - -[0m
[0mGET /api/productfilter/Exterior [36m304 [0m0.994 ms - -[0m
[0mGET /api/productfilter/Performance [36m304 [0m1.182 ms - -[0m
[0mGET /api/products [36m304 [0m1.489 ms - -[0m
[0mGET /api/products [36m304 [0m1.281 ms - -[0m
[0mGET /api/contact [36m304 [0m1.322 ms - -[0m
[0mGET /api/contact [36m304 [0m0.951 ms - -[0m
[0mGET /api/products [36m304 [0m1.297 ms - -[0m
[0mGET /api/products [36m304 [0m1.262 ms - -[0m
[0mGET /api/products [36m304 [0m1.537 ms - -[0m
[0mGET /api/contact [32m200 [0m1.483 ms - 1514[0m
[0mGET /api/products [36m304 [0m1.164 ms - -[0m
[0mGET /api/pricefilter/300 [36m304 [0m1.102 ms - -[0m
[0mGET /api/pricefilter/1000 [36m304 [0m1.201 ms - -[0m
[0mGET /api/productfilter/Performance [36m304 [0m1.320 ms - -[0m
[0mGET /api/productfilter/Exterior [36m304 [0m0.987 ms - -[0m
[0mGET /api/productfilter/Performance [36m304 [0m1.143 ms - -[0m
[0mGET /api/contact [36m304 [0m1.175 ms - -[0m
[0mGET /api/products [36m304 [0m1.180 ms - -[0m
[0mGET /api/pricefilter/300 [36m304 [0m1.130 ms - -[0m
[0mGET /api/pricefilter/600 [36m304 [0m0.967 ms - -[0m
[0mGET /api/pricefilter/1000 [36m304 [0m1.213 ms - -[0m
[0mGET /api/pricefilter/3000 [36m304 [0m1.372 ms - -[0m
[0mGET /api/productfilter/Exterior [36m304 [0m1.043 ms - -[0m
[0mGET /api/productfilter/Performance [36m304 [0m1.145 ms - -[0m
[0mGET /api/products [36m304 [0m1.295 ms - -[0m
[0mGET /api/contact [36m304 [0m0.966 ms - -[0m
[0mGET /api/contact [36m304 [0m0.991 ms - -[0m
[0mGET /api/contact [36m304 [0m0.928 ms - -[0m
[0mGET /api/contact [36m304 [0m1.162 ms - -[0m
[0mGET /api/contact [36m304 [0m1.271 ms - -[0m
[0mGET /api/contact [36m304 [0m1.025 ms - -[0m
[0mGET /api/contact [36m304 [0m0.966 ms - -[0m
[0mGET /api/contact [36m304 [0m1.698 ms - -[0m
[0mGET /api/products [36m304 [0m1.978 ms - -[0m
[0mGET /api/contact [36m304 [0m1.176 ms - -[0m
[0mGET /api/products [36m304 [0m1.149 ms - -[0m
[0mGET /api/contact [36m304 [0m1.094 ms - -[0m
[0mGET /api/contact [36m304 [0m0.921 ms - -[0m
[0mGET /api/productfilter/Exterior [32m200 [0m12.980 ms - 1119[0m
[0mGET /api/pricefilter/1000 [32m200 [0m6.158 ms - 1816[0m
[0mGET /api/productfilter/Exterior [32m200 [0m7.492 ms - 1119[0m
[0mGET /api/pricefilter/1000 [32m200 [0m1.925 ms - 1816[0m
[0mGET /api/productfilter/Exterior [32m200 [0m7.807 ms - 1119[0m
[0mGET /api/pricefilter/1000 [32m200 [0m3.699 ms - 1816[0m
[0mGET /api/productfilter/Exterior [32m200 [0m9.370 ms - 1119[0m
[0mGET /api/pricefilter/1000 [32m200 [0m4.907 ms - 1816[0m
[0mGET /api/productfilter/Exterior [32m200 [0m6.607 ms - 1119[0m
[0mGET /api/pricefilter/1000 [32m200 [0m2.373 ms - 1816[0m
[0mGET /api/productfilter/Exterior [32m200 [0m6.557 ms - 1119[0m
[0mGET /api/pricefilter/1000 [32m200 [0m2.740 ms - 1816[0m
[0mGET /api/productfilter/Exterior [32m200 [0m6.225 ms - 1119[0m
[0mGET /api/pricefilter/1000 [32m200 [0m2.409 ms - 1816[0m
[0mGET /api/productfilter/Exterior [32m200 [0m6.628 ms - 1119[0m
[0mGET /api/pricefilter/1000 [32m200 [0m3.728 ms - 1816[0m
[0mGET /api/productfilter/Exterior [32m200 [0m6.542 ms - 1119[0m
[0mGET /api/pricefilter/1000 [32m200 [0m3.761 ms - 1816[0m
[0mGET /api/productfilter/Exterior [32m200 [0m5.677 ms - 1119[0m
[0mGET /api/pricefilter/1000 [32m200 [0m1.342 ms - 1816[0m
[0mGET /api/productfilter/Exterior [32m200 [0m5.677 ms - 1119[0m
[0mGET /api/pricefilter/1000 [32m200 [0m1.531 ms - 1816[0m
[0mGET /api/productfilter/Exterior [32m200 [0m5.341 ms - 1119[0m
[0mGET /api/pricefilter/1000 [32m200 [0m1.504 ms - 1816[0m
[0mGET /api/productfilter/Exterior [32m200 [0m6.046 ms - 1119[0m
[0mGET /api/pricefilter/1000 [32m200 [0m2.139 ms - 1816[0m
[0mGET /api/productfilter/Exterior [32m200 [0m6.177 ms - 1119[0m
[0mGET /api/pricefilter/1000 [32m200 [0m1.998 ms - 1816[0m
[0mGET /api/productfilter/Exterior [32m200 [0m5.790 ms - 1119[0m
[0mGET /api/pricefilter/1000 [32m200 [0m1.396 ms - 1816[0m
[0mGET /api/productfilter/Exterior [32m200 [0m5.751 ms - 1119[0m
[0mGET /api/pricefilter/1000 [32m200 [0m1.885 ms - 1816[0m
[0mGET /api/productfilter/Exterior [32m200 [0m6.368 ms - 1119[0m
[0mGET /api/pricefilter/1000 [32m200 [0m2.132 ms - 1816[0m
[0mGET /api/productfilter/Exterior [32m200 [0m6.322 ms - 1119[0m
[0mGET /api/pricefilter/1000 [32m200 [0m6.309 ms - 1816[0m
[0mGET /api/productfilter/Exterior [32m200 [0m15.676 ms - 1119[0m
[0mGET /api/pricefilter/1000 [32m200 [0m3.861 ms - 1816[0m
[0mGET /api/productfilter/Exterior [32m200 [0m5.678 ms - 1119[0m
[0mGET /api/pricefilter/1000 [32m200 [0m1.607 ms - 1816[0m
[0mGET /api/productfilter/Exterior [32m200 [0m5.419 ms - 1119[0m
[0mGET /api/pricefilter/1000 [32m200 [0m1.418 ms - 1816[0m
[0mGET /api/productfilter/Exterior [32m200 [0m6.350 ms - 1119[0m
[0mGET /api/pricefilter/1000 [32m200 [0m4.978 ms - 1816[0m
[0mGET /api/productfilter/Performance [32m200 [0m6.748 ms - 3362[0m
[0mGET /api/pricefilter/300 [32m200 [0m1.489 ms - 349[0m
[0mGET /api/productfilter/Exterior [32m200 [0m0.955 ms - 1119[0m
[0mGET /api/pricefilter/1000 [32m200 [0m1.085 ms - 1816[0m
[0mGET /api/pricefilter/300 [32m200 [0m6.033 ms - 349[0m
[0mGET /api/products [36m304 [0m6.126 ms - -[0m
[0mGET /api/products [36m304 [0m1.706 ms - -[0m
[0mGET /api/products [36m304 [0m6.337 ms - -[0m
[0mGET /api/contact [36m304 [0m1.520 ms - -[0m
[0mGET /api/contact [36m304 [0m1.067 ms - -[0m
[0mGET /api/contact [36m304 [0m0.985 ms - -[0m
[0mGET /api/contact [36m304 [0m1.055 ms - -[0m
[0mGET /api/contact [36m304 [0m1.096 ms - -[0m
[0mGET /api/contact [36m304 [0m8.311 ms - -[0m
[0mGET /api/products [36m304 [0m1.799 ms - -[0m
[0mGET /api/contact [36m304 [0m1.603 ms - -[0m
[0mGET /api/productfilter/Performance [32m200 [0m6.094 ms - 3362[0m
[0mGET /api/pricefilter/300 [32m200 [0m1.286 ms - 349[0m
[0mGET /api/productfilter/Exterior [32m200 [0m0.905 ms - 1119[0m
[0mGET /api/pricefilter/1000 [32m200 [0m0.883 ms - 1816[0m
[0mGET /api/productfilter/Performance [32m200 [0m5.944 ms - 3362[0m
[0mGET /api/pricefilter/300 [32m200 [0m1.369 ms - 349[0m
[0mGET /api/productfilter/Exterior [32m200 [0m0.952 ms - 1119[0m
[0mGET /api/pricefilter/1000 [32m200 [0m0.842 ms - 1816[0m
[0mGET /api/products [36m304 [0m6.318 ms - -[0m
[0mGET /api/productfilter/Exterior [36m304 [0m1.676 ms - -[0m
[0mGET /api/productfilter/Performance [36m304 [0m1.195 ms - -[0m
[0mGET /api/pricefilter/300 [36m304 [0m1.387 ms - -[0m
[0mGET /api/pricefilter/600 [36m304 [0m1.027 ms - -[0m
[0mGET /api/pricefilter/1000 [36m304 [0m1.106 ms - -[0m
[0mGET /api/pricefilter/3000 [36m304 [0m1.294 ms - -[0m
[0mGET /api/contact [36m304 [0m1.571 ms - -[0m
[0mGET /api/products [36m304 [0m5.861 ms - -[0m
[0mGET /api/products [36m304 [0m1.774 ms - -[0m
[0mGET /api/contact [36m304 [0m1.231 ms - -[0m
[0mGET /api/products [36m304 [0m1.266 ms - -[0m
[0mGET /api/products [36m304 [0m1.372 ms - -[0m
[0mGET /api/products [36m304 [0m1.361 ms - -[0m
[0mGET /api/contact [36m304 [0m0.953 ms - -[0m
[0mGET / [32m200 [0m1.899 ms - 23[0m
[0mGET / [32m200 [0m2.559 ms - 23[0m
[0mGET / [32m200 [0m1.924 ms - 23[0m
[0mGET / [32m200 [0m1.460 ms - 23[0m
[0mGET /api/productfilter/Performance [32m200 [0m7.842 ms - 3362[0m
[0mGET /api/pricefilter/1000 [32m200 [0m7.830 ms - 1816[0m
[0mGET /api/productfilter/Exterior [32m200 [0m0.958 ms - 1119[0m
[0mGET /api/pricefilter/1000 [32m200 [0m8.399 ms - 1816[0m
[0mGET /api/productfilter/Performance [32m200 [0m8.682 ms - 3362[0m
[0mGET /api/pricefilter/1000 [32m200 [0m1.857 ms - 1816[0m
[0mGET /api/productfilter/Exterior [32m200 [0m1.012 ms - 1119[0m
[0mGET /api/pricefilter/1000 [32m200 [0m0.872 ms - 1816[0m
[0mGET /api/productfilter/Performance [32m200 [0m7.336 ms - 3362[0m
[0mGET /api/pricefilter/1000 [32m200 [0m1.528 ms - 1816[0m
[0mGET /api/productfilter/Exterior [32m200 [0m0.758 ms - 1119[0m
[0mGET /api/pricefilter/1000 [32m200 [0m0.856 ms - 1816[0m
[0mGET /api/productfilter/Performance [32m200 [0m7.533 ms - 3362[0m
[0mGET /api/pricefilter/1000 [32m200 [0m7.864 ms - 1816[0m
[0mGET /api/productfilter/Exterior [32m200 [0m0.813 ms - 1119[0m
[0mGET /api/pricefilter/1000 [32m200 [0m0.977 ms - 1816[0m
[0mGET /api/pricefilter/1000 [32m200 [0m1.038 ms - 1816[0m
[0mGET /api/productfilter/Performance [32m200 [0m6.980 ms - 3362[0m
[0mGET /api/pricefilter/1000 [32m200 [0m1.576 ms - 1816[0m
[0mGET /api/productfilter/Exterior [32m200 [0m0.770 ms - 1119[0m
[0mGET /api/pricefilter/1000 [32m200 [0m0.968 ms - 1816[0m
[0mGET /api/pricefilter/1000 [32m200 [0m4.364 ms - 1816[0m
[0mGET /api/productfilter/Performance [32m200 [0m6.920 ms - 3362[0m
[0mGET /api/pricefilter/300 [32m200 [0m1.566 ms - 349[0m
[0mGET /api/productfilter/Exterior [32m200 [0m0.840 ms - 1119[0m
[0mGET /api/pricefilter/1000 [32m200 [0m1.054 ms - 1816[0m
[0mGET /api/pricefilter/3000 [32m200 [0m4.298 ms - 3850[0m
[0mGET /api/productfilter/Performance [32m200 [0m6.328 ms - 3362[0m
[0mGET /api/pricefilter/300 [32m200 [0m1.369 ms - 349[0m
[0mGET /api/productfilter/Exterior [32m200 [0m0.886 ms - 1119[0m
[0mGET /api/pricefilter/1000 [32m200 [0m0.871 ms - 1816[0m
[0mGET /api/pricefilter/3000 [32m200 [0m1.173 ms - 3850[0m
[0mGET /api/productfilter/Performance [32m200 [0m6.411 ms - 3362[0m
[0mGET /api/pricefilter/300 [32m200 [0m1.234 ms - 349[0m
[0mGET /api/productfilter/Exterior [32m200 [0m0.969 ms - 1119[0m
[0mGET /api/pricefilter/1000 [32m200 [0m0.916 ms - 1816[0m
[0mGET /api/pricefilter/3000 [32m200 [0m1.381 ms - 3850[0m
[0mGET /api/products [32m200 [0m6.600 ms - 4448[0m
[0mGET /api/productfilter/Exterior [36m304 [0m1.749 ms - -[0m
[0mGET /api/productfilter/Performance [36m304 [0m1.259 ms - -[0m
[0mGET /api/pricefilter/300 [36m304 [0m1.395 ms - -[0m
[0mGET /api/pricefilter/600 [36m304 [0m1.046 ms - -[0m
[0mGET /api/pricefilter/1000 [36m304 [0m1.233 ms - -[0m
[0mGET /api/pricefilter/3000 [36m304 [0m1.420 ms - -[0m
[0mGET /api/contact [32m200 [0m2.190 ms - 1514[0m
[0mGET /api/contact [36m304 [0m1.012 ms - -[0m
[0mGET /api/productfilter/Performance [32m200 [0m6.114 ms - 3362[0m
[0mGET /api/pricefilter/300 [32m200 [0m1.132 ms - 349[0m
[0mGET /api/productfilter/Exterior [32m200 [0m0.696 ms - 1119[0m
[0mGET /api/pricefilter/1000 [32m200 [0m0.765 ms - 1816[0m
[0mGET /api/pricefilter/3000 [32m200 [0m1.857 ms - 3850[0m
[0mGET /api/contact [36m304 [0m1.265 ms - -[0m
[0mGET /api/products [36m304 [0m1.521 ms - -[0m
[0mGET /api/products [36m304 [0m1.154 ms - -[0m
[0mGET /api/productfilter/Performance [36m304 [0m1.163 ms - -[0m
[0mGET /api/pricefilter/1000 [36m304 [0m1.148 ms - -[0m
[0mGET /api/pricefilter/600 [36m304 [0m1.063 ms - -[0m
[0mGET /api/pricefilter/300 [36m304 [0m0.879 ms - -[0m
[0mGET /api/products [36m304 [0m1.415 ms - -[0m
[0mGET /api/productfilter/Exterior [36m304 [0m0.946 ms - -[0m
[0mGET /api/productfilter/Exterior [36m304 [0m1.091 ms - -[0m
[0mGET /api/productfilter/Performance [36m304 [0m1.269 ms - -[0m
[0mGET /api/pricefilter/600 [36m304 [0m1.036 ms - -[0m
[0mGET /api/pricefilter/1000 [36m304 [0m1.061 ms - -[0m
[0mGET /api/pricefilter/3000 [36m304 [0m1.206 ms - -[0m
[0mGET /api/pricefilter/600 [36m304 [0m1.065 ms - -[0m
[0mGET /api/pricefilter/300 [36m304 [0m1.059 ms - -[0m
[0mGET /api/products [36m304 [0m1.254 ms - -[0m
[0mGET /api/productfilter/Exterior [36m304 [0m1.000 ms - -[0m
[0mGET /api/productfilter/Performance [36m304 [0m1.146 ms - -[0m
[0mGET /api/pricefilter/1000 [36m304 [0m1.154 ms - -[0m
[0mGET /api/productfilter/Performance [36m304 [0m1.149 ms - -[0m
[0mGET /api/pricefilter/600 [36m304 [0m1.013 ms - -[0m
[0mGET /api/productfilter/Exterior [36m304 [0m1.011 ms - -[0m
[0mGET /api/pricefilter/600 [36m304 [0m1.015 ms - -[0m
[0mGET /api/productfilter/Exterior [36m304 [0m0.998 ms - -[0m
[0mGET /api/products [36m304 [0m1.306 ms - -[0m
[0mGET /api/pricefilter/300 [36m304 [0m0.986 ms - -[0m
[0mGET /api/pricefilter/600 [36m304 [0m1.030 ms - -[0m
[0mGET /api/pricefilter/1000 [36m304 [0m1.092 ms - -[0m
[0mGET /api/pricefilter/3000 [36m304 [0m1.526 ms - -[0m
[0mGET /api/productfilter/Exterior [36m304 [0m1.094 ms - -[0m
[0mGET /api/products [36m304 [0m1.260 ms - -[0m
[0mGET /api/productfilter/Exterior [36m304 [0m0.987 ms - -[0m
[0mGET /api/productfilter/Performance [36m304 [0m1.154 ms - -[0m
[0mGET /api/productfilter/Exterior [36m304 [0m0.986 ms - -[0m
